Determining if the pthread_create exist failed with the following output:
Change Dir: /home/dan/code/EagleEye/Aquila/dependencies/MetaObject_build/CMakeFiles/CMakeTmp

Run Build Command(s):/usr/bin/make cmTC_88a0d/fast 
/usr/bin/make -f CMakeFiles/cmTC_88a0d.dir/build.make CMakeFiles/cmTC_88a0d.dir/build
make[1]: Entering directory '/code/EagleEye/Aquila/dependencies/MetaObject_build/CMakeFiles/CMakeTmp'
Building CXX object CMakeFiles/cmTC_88a0d.dir/CheckSymbolExists.cxx.o
/usr/bin/g++-5     -o CMakeFiles/cmTC_88a0d.dir/CheckSymbolExists.cxx.o -c /home/dan/code/EagleEye/Aquila/dependencies/MetaObject_build/CMakeFiles/CMakeTmp/CheckSymbolExists.cxx
Linking CXX executable cmTC_88a0d
/usr/local/bin/cmake -E cmake_link_script CMakeFiles/cmTC_88a0d.dir/link.txt --verbose=1
/usr/bin/g++-5       -rdynamic CMakeFiles/cmTC_88a0d.dir/CheckSymbolExists.cxx.o  -o cmTC_88a0d 
CMakeFiles/cmTC_88a0d.dir/CheckSymbolExists.cxx.o: In function `main':
CheckSymbolExists.cxx:(.text+0x16): undefined reference to `pthread_create'
collect2: error: ld returned 1 exit status
CMakeFiles/cmTC_88a0d.dir/build.make:86: recipe for target 'cmTC_88a0d' failed
make[1]: *** [cmTC_88a0d] Error 1
make[1]: Leaving directory '/code/EagleEye/Aquila/dependencies/MetaObject_build/CMakeFiles/CMakeTmp'
Makefile:121: recipe for target 'cmTC_88a0d/fast' failed
make: *** [cmTC_88a0d/fast] Error 2

File /home/dan/code/EagleEye/Aquila/dependencies/MetaObject_build/CMakeFiles/CMakeTmp/CheckSymbolExists.cxx:
/* */
#include <pthread.h>

int main(int argc, char** argv)
{
  (void)argv;
#ifndef pthread_create
  return ((int*)(&pthread_create))[argc];
#else
  (void)argc;
  return 0;
#endif
}

Determining if the function pthread_create exists in the pthreads failed with the following output:
Change Dir: /home/dan/code/EagleEye/Aquila/dependencies/MetaObject_build/CMakeFiles/CMakeTmp

Run Build Command(s):/usr/bin/make cmTC_c79d5/fast 
/usr/bin/make -f CMakeFiles/cmTC_c79d5.dir/build.make CMakeFiles/cmTC_c79d5.dir/build
make[1]: Entering directory '/code/EagleEye/Aquila/dependencies/MetaObject_build/CMakeFiles/CMakeTmp'
Building CXX object CMakeFiles/cmTC_c79d5.dir/CheckFunctionExists.cxx.o
/usr/bin/g++-5    -DCHECK_FUNCTION_EXISTS=pthread_create   -o CMakeFiles/cmTC_c79d5.dir/CheckFunctionExists.cxx.o -c /home/dan/code/EagleEye/Aquila/dependencies/MetaObject_build/CMakeFiles/CheckLibraryExists/CheckFunctionExists.cxx
Linking CXX executable cmTC_c79d5
/usr/local/bin/cmake -E cmake_link_script CMakeFiles/cmTC_c79d5.dir/link.txt --verbose=1
/usr/bin/g++-5   -DCHECK_FUNCTION_EXISTS=pthread_create    -rdynamic CMakeFiles/cmTC_c79d5.dir/CheckFunctionExists.cxx.o  -o cmTC_c79d5 -lpthreads 
/usr/bin/ld: cannot find -lpthreads
collect2: error: ld returned 1 exit status
CMakeFiles/cmTC_c79d5.dir/build.make:86: recipe for target 'cmTC_c79d5' failed
make[1]: *** [cmTC_c79d5] Error 1
make[1]: Leaving directory '/code/EagleEye/Aquila/dependencies/MetaObject_build/CMakeFiles/CMakeTmp'
Makefile:121: recipe for target 'cmTC_c79d5/fast' failed
make: *** [cmTC_c79d5/fast] Error 2


